<?xml version="1.0" encoding="UTF-8"?>
<testng-results skipped="0" failed="0" ignored="0" total="3" passed="3">
  <reporter-output>
  </reporter-output>
  <suite name="Default suite" duration-ms="3723" started-at="2021-01-03T13:04:24Z" finished-at="2021-01-03T13:04:27Z">
    <groups>
    </groups>
    <test name="Default test" duration-ms="3723" started-at="2021-01-03T13:04:24Z" finished-at="2021-01-03T13:04:27Z">
      <class name="RestAssuredTraining.AdvanceScenarios.Test_getResponseHeader">
        <test-method status="PASS" signature="testDetailedCookies()[pri:0, instance:RestAssuredTraining.AdvanceScenarios.Test_getResponseHeader@5622fdf]" name="testDetailedCookies" duration-ms="2274" started-at="2021-01-03T13:04:24Z" finished-at="2021-01-03T13:04:26Z">
          <reporter-output>
          </reporter-output>
        </test-method> <!-- testDetailedCookies -->
        <test-method status="PASS" signature="testGetCookies()[pri:0, instance:RestAssuredTraining.AdvanceScenarios.Test_getResponseHeader@5622fdf]" name="testGetCookies" duration-ms="690" started-at="2021-01-03T13:04:26Z" finished-at="2021-01-03T13:04:27Z">
          <reporter-output>
          </reporter-output>
        </test-method> <!-- testGetCookies -->
        <test-method status="PASS" signature="testResponseHeader()[pri:0, instance:RestAssuredTraining.AdvanceScenarios.Test_getResponseHeader@5622fdf]" name="testResponseHeader" duration-ms="727" started-at="2021-01-03T13:04:27Z" finished-at="2021-01-03T13:04:27Z">
          <reporter-output>
          </reporter-output>
        </test-method> <!-- testResponseHeader -->
      </class> <!-- RestAssuredTraining.AdvanceScenarios.Test_getResponseHeader -->
    </test> <!-- Default test -->
  </suite> <!-- Default suite -->
</testng-results>
